2024-08-19T02:41:19.284+03:30 | INFO | [background-preinit] | o.h.v.i.u.Version | ,, | HV000001: Hibernate Validator 8.0.1.Final
2024-08-19T02:41:19.316+03:30 | INFO | [main] | o.s.b.StartupInfoLogger | ,, | Starting IntegrationTest using Java 21.0.4 with PID 57287 (started by sepehrasadiyan in /home/sepehrasadiyan/projects/wallet-v2)
2024-08-19T02:41:19.320+03:30 | INFO | [main] | o.s.b.SpringApplication | ,, | The following 1 profile is active: "test"
2024-08-19T02:41:19.954+03:30 | INFO | [main] | o.s.d.r.c.RepositoryConfigurationDelegate | ,, | Bootstrapping Spring Data JPA repositories in DEFAULT mode.
2024-08-19T02:41:20.005+03:30 | INFO | [main] | o.s.d.r.c.RepositoryConfigurationDelegate | ,, | Finished Spring Data repository scanning in 45 ms. Found 3 JPA repository interfaces.
2024-08-19T02:41:20.114+03:30 | INFO | [main] | o.t.i.PullPolicy | ,, | Image pull policy will be performed by: DefaultPullPolicy()
2024-08-19T02:41:20.116+03:30 | INFO | [main] | o.t.u.ImageNameSubstitutor | ,, | Image name substitution will be performed by: DefaultImageNameSubstitutor (composite of 'ConfigurationFileImageNameSubstitutor' and 'PrefixingImageNameSubstitutor')
2024-08-19T02:41:20.184+03:30 | INFO | [main] | o.t.d.DockerClientProviderStrategy | ,, | Loaded org.testcontainers.dockerclient.UnixSocketClientProviderStrategy from ~/.testcontainers.properties, will try it first
2024-08-19T02:41:20.344+03:30 | INFO | [main] | o.t.d.DockerClientProviderStrategy | ,, | Found Docker environment with local Unix socket (unix:///var/run/docker.sock)
2024-08-19T02:41:20.345+03:30 | INFO | [main] | o.t.DockerClientFactory | ,, | Docker host IP address is localhost
2024-08-19T02:41:20.356+03:30 | INFO | [main] | o.t.DockerClientFactory | ,, | Connected to docker:   Server Version: 26.1.2  API Version: 1.45  Operating System: Ubuntu 22.04.4 LTS  Total Memory: 31783 MB
2024-08-19T02:41:20.372+03:30 | INFO | [main] | o.t.c.GenericContainer | ,, | Creating container for image: testcontainers/ryuk:0.7.0
2024-08-19T02:41:20.376+03:30 | INFO | [main] | o.t.u.RegistryAuthLocator | ,, | Failure when attempting to lookup auth config. Please ignore if you don't have images in an authenticated registry. Details: (dockerImageName: testcontainers/ryuk:0.7.0, configFile: /home/sepehrasadiyan/.docker/config.json, configEnv: DOCKER_AUTH_CONFIG). Falling back to docker-java default behaviour. Exception message: Status 404: No config supplied. Checked in order: /home/sepehrasadiyan/.docker/config.json (file not found), DOCKER_AUTH_CONFIG (not set)
2024-08-19T02:41:20.445+03:30 | INFO | [main] | o.t.c.GenericContainer | ,, | Container testcontainers/ryuk:0.7.0 is starting: 713f2b35f746de99b9ce1cfa69ddfebfcacf34449ca1b7100e5c99bc4c229839
2024-08-19T02:41:20.735+03:30 | INFO | [main] | o.t.c.GenericContainer | ,, | Container testcontainers/ryuk:0.7.0 started in PT0.36359942S
2024-08-19T02:41:20.739+03:30 | INFO | [main] | o.t.u.RyukResourceReaper | ,, | Ryuk started - will monitor and terminate Testcontainers containers on JVM exit
2024-08-19T02:41:20.739+03:30 | INFO | [main] | o.t.DockerClientFactory | ,, | Checking the system...
2024-08-19T02:41:20.739+03:30 | INFO | [main] | o.t.DockerClientFactory | ,, | ✔︎ Docker server version should be at least 1.6.0
2024-08-19T02:41:20.741+03:30 | INFO | [main] | o.t.c.GenericContainer | ,, | Creating container for image: mysql:8.0
2024-08-19T02:41:20.742+03:30 | WARN | [main] | o.t.c.GenericContainer | ,, | Reuse was requested but the environment does not support the reuse of containersTo enable reuse of containers, you must set 'testcontainers.reuse.enable=true' in a file located at /home/sepehrasadiyan/.testcontainers.properties
2024-08-19T02:41:20.781+03:30 | INFO | [main] | o.t.c.GenericContainer | ,, | Container mysql:8.0 is starting: 828aa413d04856a2b2928ddc3d7f95f6a5bf01389395eeb02845275337fad732
2024-08-19T02:41:20.991+03:30 | INFO | [main] | o.t.c.JdbcDatabaseContainer | ,, | Waiting for database connection to become available at jdbc:mysql://localhost:32785/test using query 'SELECT 1'
2024-08-19T02:41:30.872+03:30 | INFO | [main] | o.t.c.GenericContainer | ,, | Container mysql:8.0 started in PT10.130666502S
2024-08-19T02:41:30.872+03:30 | INFO | [main] | o.t.c.JdbcDatabaseContainer | ,, | Container is started (JDBC URL: jdbc:mysql://localhost:32785/test)
2024-08-19T02:41:31.330+03:30 | INFO | [main] | o.s.b.w.e.t.TomcatWebServer | ,, | Tomcat initialized with port 0 (http)
2024-08-19T02:41:31.350+03:30 | INFO | [main] | o.a.j.l.DirectJDKLog | ,, | Initializing ProtocolHandler ["http-nio-auto-1"]
2024-08-19T02:41:31.352+03:30 | INFO | [main] | o.a.j.l.DirectJDKLog | ,, | Starting service [Tomcat]
2024-08-19T02:41:31.353+03:30 | INFO | [main] | o.a.j.l.DirectJDKLog | ,, | Starting Servlet engine: [Apache Tomcat/10.1.25]
2024-08-19T02:41:31.390+03:30 | INFO | [main] | o.a.j.l.DirectJDKLog | ,, | Initializing Spring embedded WebApplicationContext
2024-08-19T02:41:31.392+03:30 | INFO | [main] | o.s.b.w.s.c.ServletWebServerApplicationContext | ,, | Root WebApplicationContext: initialization completed in 12059 ms
2024-08-19T02:41:31.728+03:30 | INFO | [main] | c.z.h.HikariDataSource | ,, | HikariPool-1 - Starting...
2024-08-19T02:41:31.872+03:30 | INFO | [main] | c.z.h.p.HikariPool | ,, | HikariPool-1 - Added connection com.mysql.cj.jdbc.ConnectionImpl@32d3b965
2024-08-19T02:41:31.874+03:30 | INFO | [main] | c.z.h.HikariDataSource | ,, | HikariPool-1 - Start completed.
2024-08-19T02:41:32.284+03:30 | INFO | [main] | l.l.c.JavaLogger | ,, | Creating database history table with name: test.DATABASECHANGELOG
2024-08-19T02:41:32.562+03:30 | INFO | [main] | l.l.c.JavaLogger | ,, | Reading from test.DATABASECHANGELOG
2024-08-19T02:41:32.662+03:30 | INFO | [main] | l.l.c.JavaLogger | ,, | Successfully acquired change log lock
2024-08-19T02:41:32.663+03:30 | INFO | [main] | l.l.c.JavaLogger | ,, | Using deploymentId: 4065892663
2024-08-19T02:41:32.665+03:30 | INFO | [main] | l.l.c.JavaLogger | ,, | Reading from test.DATABASECHANGELOG
2024-08-19T02:41:32.682+03:30 | INFO | [main] | l.l.c.JavaLogger | ,, | Running Changeset: db.changelog/changes/create_sequence.xml::create-sequence-table::s.asadiyan
2024-08-19T02:41:32.710+03:30 | INFO | [main] | l.l.c.JavaLogger | ,, | Table reference_number_seq created
2024-08-19T02:41:32.711+03:30 | INFO | [main] | l.l.c.JavaLogger | ,, | ChangeSet db.changelog/changes/create_sequence.xml::create-sequence-table::s.asadiyan ran successfully in 28ms
2024-08-19T02:41:32.718+03:30 | INFO | [main] | l.l.c.JavaLogger | ,, | Running Changeset: db.changelog/changes/create_sequence.xml::create-sequence-procedure::s.asadiyan
2024-08-19T02:41:32.732+03:30 | INFO | [main] | l.l.c.JavaLogger | ,, | Custom SQL executed
2024-08-19T02:41:32.733+03:30 | INFO | [main] | l.l.c.JavaLogger | ,, | ChangeSet db.changelog/changes/create_sequence.xml::create-sequence-procedure::s.asadiyan ran successfully in 14ms
2024-08-19T02:41:32.738+03:30 | INFO | [main] | l.l.c.JavaLogger | ,, | Running Changeset: db.changelog/changes/create_tables.xml::2::s.asadiyan
2024-08-19T02:41:32.761+03:30 | INFO | [main] | l.l.c.JavaLogger | ,, | Table simple_user created
2024-08-19T02:41:32.761+03:30 | INFO | [main] | l.l.c.JavaLogger | ,, | ChangeSet db.changelog/changes/create_tables.xml::2::s.asadiyan ran successfully in 23ms
2024-08-19T02:41:32.768+03:30 | INFO | [main] | l.l.c.JavaLogger | ,, | Running Changeset: db.changelog/changes/create_tables.xml::3::s.asadiyan
2024-08-19T02:41:32.793+03:30 | INFO | [main] | l.l.c.JavaLogger | ,, | Table simple_account created
2024-08-19T02:41:32.854+03:30 | INFO | [main] | l.l.c.JavaLogger | ,, | Foreign key constraint added to simple_account (user_id)
2024-08-19T02:41:32.854+03:30 | INFO | [main] | l.l.c.JavaLogger | ,, | ChangeSet db.changelog/changes/create_tables.xml::3::s.asadiyan ran successfully in 85ms
2024-08-19T02:41:32.861+03:30 | INFO | [main] | l.l.c.JavaLogger | ,, | Running Changeset: db.changelog/changes/create_tables.xml::1::s.asadiyan
2024-08-19T02:41:32.885+03:30 | INFO | [main] | l.l.c.JavaLogger | ,, | Table simple_journal created
2024-08-19T02:41:32.940+03:30 | INFO | [main] | l.l.c.JavaLogger | ,, | Foreign key constraint added to simple_journal (account_id)
2024-08-19T02:41:32.941+03:30 | INFO | [main] | l.l.c.JavaLogger | ,, | ChangeSet db.changelog/changes/create_tables.xml::1::s.asadiyan ran successfully in 79ms
2024-08-19T02:41:32.946+03:30 | INFO | [main] | l.l.c.JavaLogger | ,, | Running Changeset: db.changelog/changes/create_init_data.xml::insert-default-user::s.asadiyan
2024-08-19T02:41:32.950+03:30 | INFO | [main] | l.l.c.JavaLogger | ,, | Custom SQL executed
2024-08-19T02:41:32.952+03:30 | INFO | [main] | l.l.c.JavaLogger | ,, | Custom SQL executed
2024-08-19T02:41:32.954+03:30 | INFO | [main] | l.l.c.JavaLogger | ,, | Custom SQL executed
2024-08-19T02:41:32.958+03:30 | INFO | [main] | l.l.c.JavaLogger | ,, | ChangeSet db.changelog/changes/create_init_data.xml::insert-default-user::s.asadiyan ran successfully in 11ms
2024-08-19T02:41:32.962+03:30 | INFO | [main] | l.l.c.JavaLogger | ,, | Running Changeset: db.changelog/changes/create_init_data.xml::insert-suspend-user::s.asadiyan
2024-08-19T02:41:32.965+03:30 | INFO | [main] | l.l.c.JavaLogger | ,, | Custom SQL executed
2024-08-19T02:41:32.967+03:30 | INFO | [main] | l.l.c.JavaLogger | ,, | Custom SQL executed
2024-08-19T02:41:32.969+03:30 | INFO | [main] | l.l.c.JavaLogger | ,, | Custom SQL executed
2024-08-19T02:41:32.972+03:30 | INFO | [main] | l.l.c.JavaLogger | ,, | ChangeSet db.changelog/changes/create_init_data.xml::insert-suspend-user::s.asadiyan ran successfully in 10ms
2024-08-19T02:41:32.982+03:30 | INFO | [main] | l.l.c.JavaLogger | ,, | UPDATE SUMMARY
2024-08-19T02:41:32.983+03:30 | INFO | [main] | l.l.c.JavaLogger | ,, | Run:                          7
2024-08-19T02:41:32.983+03:30 | INFO | [main] | l.l.c.JavaLogger | ,, | Previously run:               0
2024-08-19T02:41:32.983+03:30 | INFO | [main] | l.l.c.JavaLogger | ,, | Filtered out:                 0
2024-08-19T02:41:32.983+03:30 | INFO | [main] | l.l.c.JavaLogger | ,, | -------------------------------
2024-08-19T02:41:32.983+03:30 | INFO | [main] | l.l.c.JavaLogger | ,, | Total change sets:            7
2024-08-19T02:41:32.984+03:30 | INFO | [main] | l.l.c.JavaLogger | ,, | Update summary generated
2024-08-19T02:41:32.985+03:30 | INFO | [main] | l.l.c.JavaLogger | ,, | Update command completed successfully.
2024-08-19T02:41:32.985+03:30 | INFO | [main] | l.l.c.JavaLogger | ,, | Liquibase: Update has been successful. Rows affected: 13
2024-08-19T02:41:32.991+03:30 | INFO | [main] | l.l.c.JavaLogger | ,, | Successfully released change log lock
2024-08-19T02:41:32.992+03:30 | INFO | [main] | l.l.c.JavaLogger | ,, | Command execution complete
2024-08-19T02:41:33.085+03:30 | INFO | [main] | o.h.j.i.u.LogHelper | ,, | HHH000204: Processing PersistenceUnitInfo [name: default]
2024-08-19T02:41:33.118+03:30 | INFO | [main] | o.h.Version | ,, | HHH000412: Hibernate ORM core version 6.5.2.Final
2024-08-19T02:41:33.138+03:30 | INFO | [main] | o.h.c.i.RegionFactoryInitiator | ,, | HHH000026: Second-level cache disabled
2024-08-19T02:41:33.311+03:30 | INFO | [main] | o.s.o.j.p.SpringPersistenceUnitInfo | ,, | No LoadTimeWeaver setup: ignoring JPA class transformer
2024-08-19T02:41:33.338+03:30 | WARN | [main] | o.h.e.j.d.i.DialectFactoryImpl | ,, | HHH90000025: MySQL8Dialect does not need to be specified explicitly using 'hibernate.dialect' (remove the property setting and it will be selected by default)
2024-08-19T02:41:33.339+03:30 | WARN | [main] | o.h.e.j.d.i.DialectFactoryImpl | ,, | HHH90000026: MySQL8Dialect has been deprecated; use org.hibernate.dialect.MySQLDialect instead
2024-08-19T02:41:33.892+03:30 | INFO | [main] | o.h.e.t.j.p.i.JtaPlatformInitiator | ,, | HHH000489: No JTA platform available (set 'hibernate.transaction.jta.platform' to enable JTA platform integration)
2024-08-19T02:41:33.894+03:30 | INFO | [main] | o.s.o.j.AbstractEntityManagerFactoryBean | ,, | Initialized JPA EntityManagerFactory for persistence unit 'default'
2024-08-19T02:41:34.210+03:30 | INFO | [main] | o.s.d.j.r.q.QueryEnhancerFactory | ,, | Hibernate is in classpath; If applicable, HQL parser will be used.
2024-08-19T02:41:34.618+03:30 | WARN | [main] | o.s.b.a.o.j.JpaBaseConfiguration$JpaWebConfiguration | ,, | spring.jpa.open-in-view is enabled by default. Therefore, database queries may be performed during view rendering. Explicitly configure spring.jpa.open-in-view to disable this warning
2024-08-19T02:41:35.252+03:30 | INFO | [main] | o.a.j.l.DirectJDKLog | ,, | Initializing Spring TestDispatcherServlet ''
2024-08-19T02:41:35.252+03:30 | INFO | [main] | o.s.w.s.FrameworkServlet | ,, | Initializing Servlet ''
2024-08-19T02:41:35.261+03:30 | INFO | [main] | o.s.b.a.e.w.EndpointLinksResolver | ,, | Exposing 16 endpoints beneath base path '/actuator'
2024-08-19T02:41:35.280+03:30 | INFO | [main] | o.s.w.s.FrameworkServlet | ,, | Completed initialization in 28 ms
2024-08-19T02:41:35.326+03:30 | INFO | [main] | o.a.j.l.DirectJDKLog | ,, | Starting ProtocolHandler ["http-nio-auto-1"]
2024-08-19T02:41:35.335+03:30 | INFO | [main] | o.s.b.w.e.t.TomcatWebServer | ,, | Tomcat started on port 45873 (http) with context path '/'
2024-08-19T02:41:35.353+03:30 | INFO | [main] | o.s.b.StartupInfoLogger | ,, | Started IntegrationTest in 16.351 seconds (process running for 17.181)
2024-08-19T02:41:35.953+03:30 | ERROR | [main] | m.s.w.e.UserStatusException | 66c328673d752adf108b4a699a41d38c,108b4a699a41d38c, | user.status : with message : user is not enabled
2024-08-19T02:41:35.967+03:30 | ERROR | [main] | m.s.w.e.UserNotFoundException | 66c32867f613f64adc4f91a41b3135c2,dc4f91a41b3135c2, | no.user.found: with  key : 145
2024-08-19T02:41:36.013+03:30 | INFO | [] | m.s.w.s.s.LedgerSchedule | ,, | The batchPrice 300000.00
2024-08-19T02:41:36.014+03:30 | INFO | [] | m.s.w.s.s.LedgerSchedule | ,, | after update TotalPrice 300000.00
2024-08-19T02:41:36.014+03:30 | INFO | [main] | m.s.w.s.s.LedgerSchedule | ,, | Total amount_change from the last 24 hours: 300000.00
2024-08-19T02:41:36.060+03:30 | INFO | [SpringApplicationShutdownHook] | o.s.b.w.e.t.GracefulShutdown | ,, | Commencing graceful shutdown. Waiting for active requests to complete
2024-08-19T02:41:36.065+03:30 | INFO | [tomcat-shutdown] | o.s.b.w.e.t.GracefulShutdown | ,, | Graceful shutdown complete
2024-08-19T02:41:36.075+03:30 | INFO | [SpringApplicationShutdownHook] | o.s.o.j.AbstractEntityManagerFactoryBean | ,, | Closing JPA EntityManagerFactory for persistence unit 'default'
2024-08-19T02:41:36.079+03:30 | INFO | [SpringApplicationShutdownHook] | c.z.h.HikariDataSource | ,, | HikariPool-1 - Shutdown initiated...
2024-08-19T02:41:36.165+03:30 | INFO | [SpringApplicationShutdownHook] | c.z.h.HikariDataSource | ,, | HikariPool-1 - Shutdown completed.
